2026-04-26 06:02:37,601 - INFO - 读取源：6 个
2026-04-26 06:02:39,284 - INFO - 本轮保留节目：131021 条
2026-04-26 06:02:41,433 - INFO - 本轮保留节目：149161 条
2026-04-26 06:02:42,434 - INFO - 本轮保留节目：1636 条
2026-04-26 06:02:42,884 - INFO - 本轮保留节目：9058 条
2026-04-26 06:02:49,105 - WARNING - 获取失败: https://e.erw.cc/all.xml | 522 Server Error: Connect origin timed out for url: https://
2026-04-26 06:03:07,701 - WARNING - Retrying (Retry(total=2, connect=None, read=None, redirect=None, status=None)) after connection broken by 'ReadTimeoutError("HTTPSConnectionPool(host='epg.27481716.xyz', port=443): Read timed out. (read timeout=30)")': /epg.xml
2026-04-26 06:03:24,459 - INFO - 本轮保留节目：17512 条
2026-04-26 06:03:26,359 - INFO - ✅ 生成完成：output/epg.gz
2026-04-26 06:03:26,359 - INFO - 📺 频道：2268 | 🎬 节目：308388
2026-04-26 16:43:24,123 - INFO - 读取源：6 个
2026-04-26 16:43:26,022 - INFO - 本轮保留节目：131083 条
2026-04-26 16:43:27,888 - INFO - 本轮保留节目：139407 条
2026-04-26 16:43:28,101 - INFO - 本轮保留节目：17512 条
2026-04-26 16:43:28,306 - INFO - 本轮保留节目：9659 条
2026-04-26 16:43:28,566 - INFO - 本轮保留节目：1571 条
2026-04-26 16:43:35,501 - WARNING - 获取失败: https://e.erw.cc/all.xml | 522 Server Error: Connect origin timed out for url: https://
2026-04-26 16:43:37,360 - INFO - ✅ 生成完成：output/epg.gz
2026-04-26 16:43:37,360 - INFO - 📺 频道：2244 | 🎬 节目：299232
2026-04-27 06:23:46,738 - INFO - 读取源：6 个
2026-04-27 06:23:48,690 - INFO - 本轮保留节目：131031 条
2026-04-27 06:23:50,998 - INFO - 本轮保留节目：150912 条
2026-04-27 06:23:51,243 - INFO - 本轮保留节目：17635 条
2026-04-27 06:23:51,495 - INFO - 本轮保留节目：9984 条
2026-04-27 06:23:51,892 - INFO - 本轮保留节目：2638 条
2026-04-27 06:23:58,015 - WARNING - 获取失败: https://e.erw.cc/all.xml | 522 Server Error: Connect origin timed out for url: https://
2026-04-27 06:23:59,936 - INFO - ✅ 生成完成：output/epg.gz
2026-04-27 06:23:59,936 - INFO - 📺 频道：2272 | 🎬 节目：312200
2026-04-27 17:23:13,470 - INFO - 读取源：6 个
2026-04-27 17:23:15,322 - INFO - 本轮保留节目：131093 条
2026-04-27 17:23:17,237 - INFO - 本轮保留节目：145267 条
2026-04-27 17:23:17,449 - INFO - 本轮保留节目：17873 条
2026-04-27 17:23:17,667 - INFO - 本轮保留节目：9882 条
2026-04-27 17:23:18,039 - INFO - 本轮保留节目：2644 条
2026-04-27 17:23:24,732 - WARNING - 获取失败: https://e.erw.cc/all.xml | 522 Server Error: Connect origin timed out for url: https://
2026-04-27 17:23:26,766 - INFO - ✅ 生成完成：output/epg.gz
2026-04-27 17:23:26,766 - INFO - 📺 频道：2272 | 🎬 节目：306759
2026-04-28 02:21:15,114 - INFO - 读取源：6 个
2026-04-28 02:21:16,863 - INFO - 本轮保留节目：130978 条
2026-04-28 02:21:19,202 - INFO - 本轮保留节目：152805 条
2026-04-28 02:21:19,409 - INFO - 本轮保留节目：17638 条
2026-04-28 02:21:19,616 - INFO - 本轮保留节目：9233 条
2026-04-28 02:21:20,613 - INFO - 本轮保留节目：2644 条
2026-04-28 02:21:25,740 - WARNING - 获取失败: https://e.erw.cc/all.xml | 522 Server Error: Connect origin timed out for url: https://
2026-04-28 02:21:27,822 - INFO - ✅ 生成完成：output/epg.gz
2026-04-28 02:21:27,822 - INFO - 📺 频道：2271 | 🎬 节目：313298
2026-04-28 10:14:11,816 - INFO - ============================================================
2026-04-28 10:14:11,816 - INFO - 📡 EPG智能合并系统启动
2026-04-28 10:14:11,816 - INFO - 📅 时间范围: 2026-04-21 至 2026-05-05
2026-04-28 10:14:11,816 - INFO - 🎯 必保频道: 47 个
2026-04-28 10:14:11,816 - INFO - ============================================================
2026-04-28 10:14:11,816 - INFO - 从配置读取源: 6 个
2026-04-28 10:14:11,817 - INFO - 开始处理 6 个EPG源...
2026-04-28 10:15:59,239 - INFO - ✅ 处理成功: https://raw.githubusercontent.com/kuke31/xmlgz/mai...
2026-04-28 10:16:09,452 - INFO - ✅ 处理成功: https://github.com/zzq1234567890/epg/raw/refs/head...
2026-04-28 10:16:27,178 - INFO - ✅ 处理成功: https://epg.27481716.xyz/epg.xml...
2026-04-28 10:17:27,814 - INFO - ✅ 处理成功: https://e.erw.cc/all.xml...
2026-04-28 10:17:30,527 - INFO - ✅ 处理成功: http://epg.51zmt.top:8000/e.xml...
2026-04-28 10:17:30,527 - WARNING - ❌ 获取失败 https://raw.githubusercontent.: HTTP 522
2026-04-28 10:17:30,527 - INFO - 成功处理 5/6 个源
2026-04-28 10:17:30,527 - INFO - 检查必保频道节目完整性...
2026-04-28 10:17:30,528 - WARNING - ❌ 频道 山东公共 无节目，添加占位符
2026-04-28 10:17:35,701 - INFO - ============================================================
2026-04-28 10:17:35,701 - INFO - 📊 EPG统计报告
2026-04-28 10:17:35,701 - INFO - ============================================================
2026-04-28 10:17:35,701 - INFO - 必保频道覆盖: 47/47
2026-04-28 10:17:35,701 - INFO - 
📡 频道来源统计:
2026-04-28 10:17:35,709 - INFO -   ✅ CCTV1                ->  5 个源
2026-04-28 10:17:35,709 - INFO -   ✅ CCTV3                ->  4 个源
2026-04-28 10:17:35,709 - INFO -   ✅ CCTV4                ->  4 个源
2026-04-28 10:17:35,709 - INFO -   ✅ CCTV6                ->  4 个源
2026-04-28 10:17:35,709 - INFO -   ✅ CCTV9                ->  4 个源
2026-04-28 10:17:35,709 - INFO -   ✅ 重庆卫视                 ->  4 个源
2026-04-28 10:17:35,709 - INFO -   ✅ 四川卫视                 ->  4 个源
2026-04-28 10:17:35,709 - INFO -   ✅ 东方卫视                 ->  4 个源
2026-04-28 10:17:35,709 - INFO -   ✅ 湖南卫视                 ->  4 个源
2026-04-28 10:17:35,709 - INFO -   ✅ 广东卫视                 ->  4 个源
2026-04-28 10:17:35,709 - INFO -   ✅ 深圳卫视                 ->  4 个源
2026-04-28 10:17:35,709 - INFO -   ✅ 天津卫视                 ->  4 个源
2026-04-28 10:17:35,710 - INFO -   ✅ 湖北卫视                 ->  4 个源
2026-04-28 10:17:35,710 - INFO -   ✅ 辽宁卫视                 ->  4 个源
2026-04-28 10:17:35,710 - INFO -   ✅ 安徽卫视                 ->  4 个源
2026-04-28 10:17:35,710 - INFO -   ✅ 浙江卫视                 ->  4 个源
2026-04-28 10:17:35,710 - INFO -   ✅ 山东卫视                 ->  4 个源
2026-04-28 10:17:35,710 - INFO -   ✅ 北京卫视                 ->  4 个源
2026-04-28 10:17:35,710 - INFO -   ✅ 江苏卫视                 ->  4 个源
2026-04-28 10:17:35,710 - INFO - 
🎬 节目数量统计 (前20个频道):
2026-04-28 10:17:35,711 - INFO -    1. ✅ 嘉佳卡通                 ->  906 个节目
2026-04-28 10:17:35,711 - INFO -    2. ✅ 重庆移动                 ->  896 个节目
2026-04-28 10:17:35,711 - INFO -    3. ✅ 动漫秀场                 ->  827 个节目
2026-04-28 10:17:35,711 - INFO -    4. ✅ 电视指南                 ->  827 个节目
2026-04-28 10:17:35,711 - INFO -    5. ✅ ZOO                  ->  809 个节目
2026-04-28 10:17:35,711 - INFO -    6. ✅ 金色学堂                 ->  743 个节目
2026-04-28 10:17:35,711 - INFO -    7. ✅ 汽摩                   ->  735 个节目
2026-04-28 10:17:35,711 - INFO -    8. ✅ Duck TV儿童卡通-FastTV飞速看 ->  724 个节目
2026-04-28 10:17:35,711 - INFO -    9. ✅ CNC英文                ->  721 个节目
2026-04-28 10:17:35,711 - INFO -   10. ✅ CCOC                 ->  697 个节目
2026-04-28 10:17:35,711 - INFO -   11. ✅ 4K宝贝                 ->  695 个节目
2026-04-28 10:17:35,711 - INFO -   12. ✅ 百变课堂专区               ->  680 个节目
2026-04-28 10:17:35,711 - INFO -   13. ✅ 电影原声台CMusic          ->  676 个节目
2026-04-28 10:17:35,711 - INFO -   14. ✅ 4K纪实专区               ->  648 个节目
2026-04-28 10:17:35,711 - INFO -   15. ✅ 4K纪实                 ->  645 个节目
2026-04-28 10:17:35,711 - INFO -   16. ✅ HOY 资讯台              ->  638 个节目
2026-04-28 10:17:35,711 - INFO -   17. ✅ CNIJR                ->  631 个节目
2026-04-28 10:17:35,711 - INFO -   18. ✅ ChannelV             ->  617 个节目
2026-04-28 10:17:35,711 - INFO -   19. ✅ 哈哈炫动                 ->  565 个节目
2026-04-28 10:17:35,712 - INFO -   20. ✅ 4K时尚                 ->  565 个节目
2026-04-28 10:17:35,712 - INFO -   ... 还有 2171 个频道
2026-04-28 10:17:35,712 - INFO - ✅ EPG生成完成: output/epg.gz
2026-04-28 10:17:35,712 - INFO - 📺 频道总数: 2191
2026-04-28 10:17:35,712 - INFO - 🎬 节目总数: 258461
